--------------------------------------------------------------------------------
Release 14.2 Trace  (nt)
Copyright (c) 1995-2012 Xilinx, Inc.  All rights reserved.

D:\ISE\14.2\ISE_DS\ISE\bin\nt\unwrapped\trce.exe -intstyle ise -v 3 -s 5 -n 3
-fastpaths -xml binary2.twx binary2.ncd -o binary2.twr binary2.pcf -ucf
binary2.ucf

Design file:              binary2.ncd
Physical constraint file: binary2.pcf
Device,package,speed:     xc3s100e,cp132,-5 (PRODUCTION 1.27 2012-07-09)
Report level:             verbose report

Environment Variable      Effect 
--------------------      ------ 
NONE                      No environment variables were set
--------------------------------------------------------------------------------

INFO:Timing:2698 - No timing constraints found, doing default enumeration.
INFO:Timing:3412 - To improve timing, see the Timing Closure User Guide (UG612).
INFO:Timing:2752 - To get complete path coverage, use the unconstrained paths 
   option. All paths that are not constrained will be reported in the 
   unconstrained paths section(s) of the report.
INFO:Timing:3339 - The clock-to-out numbers in this timing report are based on 
   a 50 Ohm transmission line loading model.  For the details of this model, 
   and for more information on accounting for different loading conditions, 
   please see the device datasheet.
INFO:Timing:3390 - This architecture does not support a default System Jitter 
   value, please add SYSTEM_JITTER constraint to the UCF to modify the Clock 
   Uncertainty calculation.
INFO:Timing:3389 - This architecture does not support 'Discrete Jitter' and 
   'Phase Error' calculations, these terms will be zero in the Clock 
   Uncertainty calculation.  Please make appropriate modification to 
   SYSTEM_JITTER to account for the unsupported Discrete Jitter and Phase 
   Error.



Data Sheet report:
-----------------
All values displayed in nanoseconds (ns)

Pad to Pad
---------------+---------------+---------+
Source Pad     |Destination Pad|  Delay  |
---------------+---------------+---------+
BTN<0>         |AN<3>          |    4.493|
BTN<1>         |AN<2>          |    5.661|
BTN<2>         |AN<1>          |    5.594|
BTN<3>         |AN<0>          |    6.107|
SW<0>          |DISP1<0>       |    6.235|
SW<0>          |DISP1<1>       |    7.022|
SW<0>          |DISP1<2>       |    7.058|
SW<0>          |DISP1<3>       |    6.148|
SW<0>          |DISP1<4>       |    6.794|
SW<0>          |DISP1<5>       |    6.214|
SW<0>          |DISP1<6>       |    7.041|
SW<1>          |DISP1<0>       |    6.789|
SW<1>          |DISP1<1>       |    7.522|
SW<1>          |DISP1<2>       |    7.524|
SW<1>          |DISP1<3>       |    6.724|
SW<1>          |DISP1<4>       |    7.473|
SW<1>          |DISP1<5>       |    6.914|
SW<1>          |DISP1<6>       |    7.754|
SW<1>          |DISP1<7>       |    7.238|
SW<2>          |DISP1<0>       |    6.983|
SW<2>          |DISP1<1>       |    7.450|
SW<2>          |DISP1<2>       |    7.457|
SW<2>          |DISP1<3>       |    6.952|
SW<2>          |DISP1<4>       |    7.845|
SW<2>          |DISP1<5>       |    6.806|
SW<2>          |DISP1<6>       |    8.070|
SW<2>          |DISP1<7>       |    7.096|
SW<3>          |DISP1<0>       |    7.812|
SW<3>          |DISP1<1>       |    8.078|
SW<3>          |DISP1<2>       |    8.136|
SW<3>          |DISP1<3>       |    7.776|
SW<3>          |DISP1<4>       |    8.120|
SW<3>          |DISP1<5>       |    7.558|
SW<3>          |DISP1<6>       |    8.396|
SW<3>          |DISP1<7>       |    7.877|
---------------+---------------+---------+


Analysis completed Wed Dec 14 19:17:33 2016 
--------------------------------------------------------------------------------

Trace Settings:
-------------------------
Trace Settings 

Peak Memory Usage: 127 MB



