Release 14.2 - xst P.28xd (nt)
Copyright (c) 1995-2012 Xilinx, Inc.  All rights reserved.
--> Parameter TMPDIR set to xst/projnav.tmp


Total REAL time to Xst completion: 0.00 secs
Total CPU time to Xst completion: 0.08 secs
 
--> Parameter xsthdpdir set to xst


Total REAL time to Xst completion: 0.00 secs
Total CPU time to Xst completion: 0.08 secs
 
--> Reading design: digital_display.prj

TABLE OF CONTENTS
  1) Synthesis Options Summary
  2) HDL Compilation
  3) Design Hierarchy Analysis
  4) HDL Analysis
  5) HDL Synthesis
     5.1) HDL Synthesis Report
  6) Advanced HDL Synthesis
     6.1) Advanced HDL Synthesis Report
  7) Low Level Synthesis
  8) Partition Report
  9) Final Report
	9.1) Device utilization summary
	9.2) Partition Resource Summary
	9.3) TIMING REPORT


=========================================================================
*                      Synthesis Options Summary                        *
=========================================================================
---- Source Parameters
Input File Name                    : "digital_display.prj"
Input Format                       : mixed
Ignore Synthesis Constraint File   : NO

---- Target Parameters
Output File Name                   : "digital_display"
Output Format                      : NGC
Target Device                      : xc3s100e-5-cp132

---- Source Options
Top Module Name                    : digital_display
Automatic FSM Extraction           : YES
FSM Encoding Algorithm             : Auto
Safe Implementation                : No
FSM Style                          : LUT
RAM Extraction                     : Yes
RAM Style                          : Auto
ROM Extraction                     : Yes
Mux Style                          : Auto
Decoder Extraction                 : YES
Priority Encoder Extraction        : Yes
Shift Register Extraction          : YES
Logical Shifter Extraction         : YES
XOR Collapsing                     : YES
ROM Style                          : Auto
Mux Extraction                     : Yes
Resource Sharing                   : YES
Asynchronous To Synchronous        : NO
Multiplier Style                   : Auto
Automatic Register Balancing       : No

---- Target Options
Add IO Buffers                     : YES
Global Maximum Fanout              : 500
Add Generic Clock Buffer(BUFG)     : 24
Register Duplication               : YES
Slice Packing                      : YES
Optimize Instantiated Primitives   : NO
Use Clock Enable                   : Yes
Use Synchronous Set                : Yes
Use Synchronous Reset              : Yes
Pack IO Registers into IOBs        : Auto
Equivalent register Removal        : YES

---- General Options
Optimization Goal                  : Speed
Optimization Effort                : 1
Keep Hierarchy                     : No
Netlist Hierarchy                  : As_Optimized
RTL Output                         : Yes
Global Optimization                : AllClockNets
Read Cores                         : YES
Write Timing Constraints           : NO
Cross Clock Analysis               : NO
Hierarchy Separator                : /
Bus Delimiter                      : <>
Case Specifier                     : Maintain
Slice Utilization Ratio            : 100
BRAM Utilization Ratio             : 100
Verilog 2001                       : YES
Auto BRAM Packing                  : NO
Slice Utilization Ratio Delta      : 5

=========================================================================


=========================================================================
*                          HDL Compilation                              *
=========================================================================
Compiling verilog file "digital_display.v" in library work
Module <digital_display> compiled
No errors in compilation
Analysis of file <"digital_display.prj"> succeeded.
 

=========================================================================
*                     Design Hierarchy Analysis                         *
=========================================================================
Analyzing hierarchy for module <digital_display> in library <work>.


=========================================================================
*                            HDL Analysis                               *
=========================================================================
Analyzing top module <digital_display>.
Module <digital_display> is correct for synthesis.
 

=========================================================================
*                           HDL Synthesis                               *
=========================================================================

Performing bidirectional port resolution...

Synthesizing Unit <digital_display>.
    Related source file is "digital_display.v".
    Found 4x8-bit ROM for signal <DISP2$mux0000> created at line 34.
    Found 4-bit register for signal <AN2>.
    Found 1-of-4 decoder for signal <AN2$mux0000> created at line 34.
    Found 32-bit up counter for signal <cnt>.
    Found 2-bit up counter for signal <count>.
    Found 8-bit register for signal <DISP2>.
    Summary:
	inferred   1 ROM(s).
	inferred   2 Counter(s).
	inferred  12 D-type flip-flop(s).
	inferred   1 Decoder(s).
Unit <digital_display> synthesized.


=========================================================================
HDL Synthesis Report

Macro Statistics
# ROMs                                                 : 1
 4x8-bit ROM                                           : 1
# Counters                                             : 2
 2-bit up counter                                      : 1
 32-bit up counter                                     : 1
# Registers                                            : 2
 4-bit register                                        : 1
 8-bit register                                        : 1
# Decoders                                             : 1
 1-of-4 decoder                                        : 1

=========================================================================

=========================================================================
*                       Advanced HDL Synthesis                          *
=========================================================================


Synthesizing (advanced) Unit <digital_display>.
INFO:Xst:3034 - In order to maximize performance and save block RAM resources, the small ROM <Mrom_DISP2_mux0000> will be implemented on LUT. If you want to force its implementation on block, use option/constraint rom_style.
Unit <digital_display> synthesized (advanced).

=========================================================================
Advanced HDL Synthesis Report

Macro Statistics
# ROMs                                                 : 1
 4x8-bit ROM                                           : 1
# Counters                                             : 2
 2-bit up counter                                      : 1
 32-bit up counter                                     : 1
# Registers                                            : 12
 Flip-Flops                                            : 12
# Decoders                                             : 1
 1-of-4 decoder                                        : 1

=========================================================================

=========================================================================
*                         Low Level Synthesis                           *
=========================================================================
WARNING:Xst:1710 - FF/Latch <DISP2_1> (without init value) has a constant value of 0 in block <digital_display>. This FF/Latch will be trimmed during the optimization process.
WARNING:Xst:1895 - Due to other FF/Latch trimming, FF/Latch <DISP2_7> (without init value) has a constant value of 1 in block <digital_display>. This FF/Latch will be trimmed during the optimization process.
INFO:Xst:2261 - The FF/Latch <DISP2_0> in Unit <digital_display> is equivalent to the following FF/Latch, which will be removed : <DISP2_3> 
INFO:Xst:2261 - The FF/Latch <DISP2_4> in Unit <digital_display> is equivalent to the following FF/Latch, which will be removed : <AN2_1> 
INFO:Xst:2261 - The FF/Latch <DISP2_5> in Unit <digital_display> is equivalent to the following FF/Latch, which will be removed : <AN2_3> 

Optimizing unit <digital_display> ...

Mapping all equations...
Building and optimizing final netlist ...
Found area constraint ratio of 100 (+ 5) on block digital_display, actual ratio is 2.

Final Macro Processing ...

=========================================================================
Final Register Report

Macro Statistics
# Registers                                            : 41
 Flip-Flops                                            : 41

=========================================================================

=========================================================================
*                           Partition Report                            *
=========================================================================

Partition Implementation Status
-------------------------------

  No Partitions were found in this design.

-------------------------------

=========================================================================
*                            Final Report                               *
=========================================================================
Final Results
RTL Top Level Output File Name     : digital_display.ngr
Top Level Output File Name         : digital_display
Output Format                      : NGC
Optimization Goal                  : Speed
Keep Hierarchy                     : No

Design Statistics
# IOs                              : 13

Cell Usage :
# BELS                             : 123
#      GND                         : 1
#      INV                         : 2
#      LUT1                        : 31
#      LUT2                        : 9
#      LUT4                        : 8
#      MUXCY                       : 39
#      VCC                         : 1
#      XORCY                       : 32
# FlipFlops/Latches                : 41
#      FDE                         : 7
#      FDR                         : 32
#      FDRE                        : 2
# Clock Buffers                    : 1
#      BUFGP                       : 1
# IO Buffers                       : 12
#      OBUF                        : 12
=========================================================================

Device utilization summary:
---------------------------

Selected Device : 3s100ecp132-5 

 Number of Slices:                       26  out of    960     2%  
 Number of Slice Flip Flops:             41  out of   1920     2%  
 Number of 4 input LUTs:                 50  out of   1920     2%  
 Number of IOs:                          13
 Number of bonded IOBs:                  13  out of     83    15%  
 Number of GCLKs:                         1  out of     24     4%  

---------------------------
Partition Resource Summary:
---------------------------

  No Partitions were found in this design.

---------------------------


=========================================================================
TIMING REPORT

NOTE: THESE TIMING NUMBERS ARE ONLY A SYNTHESIS ESTIMATE.
      FOR ACCURATE TIMING INFORMATION PLEASE REFER TO THE TRACE REPORT
      GENERATED AFTER PLACE-and-ROUTE.

Clock Information:
------------------
-----------------------------------+------------------------+-------+
Clock Signal                       | Clock buffer(FF name)  | Load  |
-----------------------------------+------------------------+-------+
CLK                                | BUFGP                  | 41    |
-----------------------------------+------------------------+-------+

Asynchronous Control Signals Information:
----------------------------------------
No asynchronous control signals found in this design

Timing Summary:
---------------
Speed Grade: -5

   Minimum period: 5.591ns (Maximum Frequency: 178.860MHz)
   Minimum input arrival time before clock: No path found
   Maximum output required time after clock: 4.063ns
   Maximum combinational path delay: No path found

Timing Detail:
--------------
All values displayed in nanoseconds (ns)

=========================================================================
Timing constraint: Default period analysis for Clock 'CLK'
  Clock period: 5.591ns (frequency: 178.860MHz)
  Total number of paths / destination ports: 1925 / 84
-------------------------------------------------------------------------
Delay:               5.591ns (Levels of Logic = 10)
  Source:            cnt_8 (FF)
  Destination:       count_0 (FF)
  Source Clock:      CLK rising
  Destination Clock: CLK rising

  Data Path: cnt_8 to count_0
                                Gate     Net
    Cell:in->out      fanout   Delay   Delay  Logical Name (Net Name)
    ----------------------------------------  ------------
     FDR:C->Q              2   0.514   0.532  cnt_8 (cnt_8)
     LUT4:I0->O            1   0.612   0.000  cnt_cmp_eq0000_wg_lut<0> (cnt_cmp_eq0000_wg_lut<0>)
     MUXCY:S->O            1   0.404   0.000  cnt_cmp_eq0000_wg_cy<0> (cnt_cmp_eq0000_wg_cy<0>)
     MUXCY:CI->O           1   0.052   0.000  cnt_cmp_eq0000_wg_cy<1> (cnt_cmp_eq0000_wg_cy<1>)
     MUXCY:CI->O           1   0.052   0.000  cnt_cmp_eq0000_wg_cy<2> (cnt_cmp_eq0000_wg_cy<2>)
     MUXCY:CI->O           1   0.052   0.000  cnt_cmp_eq0000_wg_cy<3> (cnt_cmp_eq0000_wg_cy<3>)
     MUXCY:CI->O           1   0.052   0.000  cnt_cmp_eq0000_wg_cy<4> (cnt_cmp_eq0000_wg_cy<4>)
     MUXCY:CI->O           1   0.052   0.000  cnt_cmp_eq0000_wg_cy<5> (cnt_cmp_eq0000_wg_cy<5>)
     MUXCY:CI->O           1   0.052   0.000  cnt_cmp_eq0000_wg_cy<6> (cnt_cmp_eq0000_wg_cy<6>)
     MUXCY:CI->O          42   0.289   1.145  cnt_cmp_eq0000_wg_cy<7> (cnt_cmp_eq0000)
     LUT2:I1->O            2   0.612   0.380  count_and00001 (count_and0000)
     FDRE:R                    0.795          count_0
    ----------------------------------------
    Total                      5.591ns (3.535ns logic, 2.056ns route)
                                       (63.2% logic, 36.8% route)

=========================================================================
Timing constraint: Default OFFSET OUT AFTER for Clock 'CLK'
  Total number of paths / destination ports: 10 / 10
-------------------------------------------------------------------------
Offset:              4.063ns (Levels of Logic = 1)
  Source:            DISP2_5 (FF)
  Destination:       DISP1<5> (PAD)
  Source Clock:      CLK rising

  Data Path: DISP2_5 to DISP1<5>
                                Gate     Net
    Cell:in->out      fanout   Delay   Delay  Logical Name (Net Name)
    ----------------------------------------  ------------
     FDE:C->Q              2   0.514   0.380  DISP2_5 (DISP2_5)
     OBUF:I->O                 3.169          DISP1_5_OBUF (DISP1<5>)
    ----------------------------------------
    Total                      4.063ns (3.683ns logic, 0.380ns route)
                                       (90.6% logic, 9.4% route)

=========================================================================


Total REAL time to Xst completion: 3.00 secs
Total CPU time to Xst completion: 3.04 secs
 
--> 

Total memory usage is 246476 kilobytes

Number of errors   :    0 (   0 filtered)
Number of warnings :    2 (   0 filtered)
Number of infos    :    4 (   0 filtered)

