
****** PlanAhead v14.2 (64-bit)
  **** Build 194362 by xbuild on Fri Jul 20 18:52:11 MDT 2012
    ** Copyright 1986-1999, 2001-2012 Xilinx, Inc. All Rights Reserved.

INFO: [Common 17-78] Attempting to get a license: PlanAhead
INFO: [Common 17-290] Got license for PlanAhead
INFO: [Device 21-36] Loading parts and site information from D:/ISE/14.2/ISE_DS/PlanAhead/data/parts/arch.xml
Parsing RTL primitives file [D:/ISE/14.2/ISE_DS/PlanAhead/data/parts/xilinx/rtl/prims/rtl_prims.xml]
Finished parsing RTL primitives file [D:/ISE/14.2/ISE_DS/PlanAhead/data/parts/xilinx/rtl/prims/rtl_prims.xml]
start_gui
source D:/FPGA/IEEE/Lab25/pa.fromHdl.tcl
# create_project -name Lab25 -dir "D:/FPGA/IEEE/Lab25/planAhead_run_1" -part xc3s100ecp132-5
Parsing template File [D:/ISE/14.2/ISE_DS/ISE/data/projnav/templates/verilog.xml].
Finished parsing template File [D:/ISE/14.2/ISE_DS/ISE/data/projnav/templates/verilog.xml].
Parsing template File [D:/ISE/14.2/ISE_DS/ISE/data/projnav/templates/vhdl.xml].
Finished parsing template File [D:/ISE/14.2/ISE_DS/ISE/data/projnav/templates/vhdl.xml].
Parsing template File [D:/ISE/14.2/ISE_DS/ISE/data/projnav/templates/ucf.xml].
Finished parsing template File [D:/ISE/14.2/ISE_DS/ISE/data/projnav/templates/ucf.xml].
# set_param project.pinAheadLayout yes
# set srcset [get_property srcset [current_run -impl]]
# set_property target_constrs_file "digital_display.ucf" [current_fileset -constrset]
Adding file 'D:/FPGA/IEEE/Lab25/digital_display.ucf' to fileset 'constrs_1'
# set hdlfile [add_files [list {digital_display.v}]]
# set_property file_type Verilog $hdlfile
# set_property library work $hdlfile
# set_property top digital_display $srcset
# add_files [list {digital_display.ucf}] -fileset [get_property constrset [current_run]]
# open_rtl_design -part xc3s100ecp132-5
Using Verific elaboration
Parsing VHDL file "D:/ISE/14.2/ISE_DS/PlanAhead/data/parts/xilinx/rtl/lib/synplify/synattr.vhd" into library synplify
Analyzing Verilog file "D:/FPGA/IEEE/Lab25/digital_display.v" into library work
INFO: [Designutils 20-910] Reading macro library D:/ISE/14.2/ISE_DS/PlanAhead/data\./parts/xilinx/spartan3e/spartan3e/hd_int_macros.edn
Parsing EDIF File [D:/ISE/14.2/ISE_DS/PlanAhead/data\./parts/xilinx/spartan3e/spartan3e/hd_int_macros.edn]
Finished Parsing EDIF File [D:/ISE/14.2/ISE_DS/PlanAhead/data\./parts/xilinx/spartan3e/spartan3e/hd_int_macros.edn]
Loading clock regions from D:/ISE/14.2/ISE_DS/PlanAhead/data\parts/xilinx/spartan3e/spartan3e/xc3s100e/ClockRegion.xml
Loading clock buffers from D:/ISE/14.2/ISE_DS/PlanAhead/data\parts/xilinx/spartan3e/spartan3e/xc3s100e/ClockBuffers.xml
Loading package from D:/ISE/14.2/ISE_DS/PlanAhead/data\parts/xilinx/spartan3e/spartan3e/xc3s100e/cp132/Package.xml
Loading io standards from D:/ISE/14.2/ISE_DS/PlanAhead/data\./parts/xilinx/spartan3e/IOStandards.xml
INFO: [Device 21-19] Loading pkg sso from D:/ISE/14.2/ISE_DS/PlanAhead/data\parts/xilinx/spartan3e/spartan3e/xc3s100e/cp132/SSORules.xml
Loading list of drcs for the architecture : D:/ISE/14.2/ISE_DS/PlanAhead/data\./parts/xilinx/spartan3e/spartan3e/drc.xml
INFO: [Timing 38-77] Reading timing library D:/ISE/14.2/ISE_DS/PlanAhead/data\parts/xilinx/spartan3e/spartan3e/spartan3e-5.lib.
INFO: [Timing 38-34] Done reading timing library D:/ISE/14.2/ISE_DS/PlanAhead/data\parts/xilinx/spartan3e/spartan3e/spartan3e-5.lib.
Parsing UCF File [D:/FPGA/IEEE/Lab25/digital_display.ucf]
Finished Parsing UCF File [D:/FPGA/IEEE/Lab25/digital_display.ucf]
INFO: [Project 1-111] Unisim Transformation Summary:
No Unisim elements were transformed.

Phase 0 | Netlist Checksum: 1ffa2f66
startgroup
set_property package_pin B8 [get_ports CLK]
endgroup
startgroup
set_property package_pin B8 [get_ports CLK]
endgroup
startgroup
set_property package_pin K14 [get_ports {AN1[0]}]
endgroup
startgroup
set_property package_pin M13 [get_ports {AN1[1]}]
endgroup
startgroup
set_property package_pin J12 [get_ports {AN1[2]}]
endgroup
startgroup
set_property package_pin F12 [get_ports {AN1[3]}]
endgroup
set_property package_pin "" [get_ports [list  {DISP1[2]}]]
startgroup
set_property package_pin L13 [get_ports {DISP1[0]}]
endgroup
startgroup
set_property package_pin L14 [get_ports {DISP1[0]}]
endgroup
startgroup
set_property package_pin H1 [get_ports {DISP1[1]}]
endgroup
startgroup
set_property package_pin H12 [get_ports {DISP1[1]}]
endgroup
startgroup
set_property package_pin N14 [get_ports {DISP1[2]}]
endgroup
startgroup
set_property package_pin N11 [get_ports {DISP1[3]}]
endgroup
startgroup
set_property package_pin P12 [get_ports {DISP1[4]}]
endgroup
startgroup
set_property package_pin L13 [get_ports {DISP1[5]}]
endgroup
startgroup
set_property package_pin M12 [get_ports {DISP1[6]}]
endgroup
startgroup
set_property package_pin N13 [get_ports {DISP1[7]}]
endgroup
save_design
exit
INFO: [Common 17-206] Exiting PlanAhead...
INFO: [Common 17-83] Releasing license: PlanAhead
