--------------------------------------------------------------------------------
Release 14.2 Trace  (nt)
Copyright (c) 1995-2012 Xilinx, Inc.  All rights reserved.

D:\ISE\14.2\ISE_DS\ISE\bin\nt\unwrapped\trce.exe -intstyle ise -v 3 -s 5 -n 3
-fastpaths -xml binary1.twx binary1.ncd -o binary1.twr binary1.pcf -ucf
binary1.ucf

Design file:              binary1.ncd
Physical constraint file: binary1.pcf
Device,package,speed:     xc3s100e,cp132,-5 (PRODUCTION 1.27 2012-07-09)
Report level:             verbose report

Environment Variable      Effect 
--------------------      ------ 
NONE                      No environment variables were set
--------------------------------------------------------------------------------

INFO:Timing:2698 - No timing constraints found, doing default enumeration.
INFO:Timing:3412 - To improve timing, see the Timing Closure User Guide (UG612).
INFO:Timing:2752 - To get complete path coverage, use the unconstrained paths 
   option. All paths that are not constrained will be reported in the 
   unconstrained paths section(s) of the report.
INFO:Timing:3339 - The clock-to-out numbers in this timing report are based on 
   a 50 Ohm transmission line loading model.  For the details of this model, 
   and for more information on accounting for different loading conditions, 
   please see the device datasheet.
INFO:Timing:3390 - This architecture does not support a default System Jitter 
   value, please add SYSTEM_JITTER constraint to the UCF to modify the Clock 
   Uncertainty calculation.
INFO:Timing:3389 - This architecture does not support 'Discrete Jitter' and 
   'Phase Error' calculations, these terms will be zero in the Clock 
   Uncertainty calculation.  Please make appropriate modification to 
   SYSTEM_JITTER to account for the unsupported Discrete Jitter and Phase 
   Error.



Data Sheet report:
-----------------
All values displayed in nanoseconds (ns)

Pad to Pad
---------------+---------------+---------+
Source Pad     |Destination Pad|  Delay  |
---------------+---------------+---------+
SW<0>          |DISP1<0>       |    6.235|
SW<0>          |DISP1<1>       |    7.718|
SW<0>          |DISP1<2>       |    7.357|
SW<0>          |DISP1<3>       |    6.148|
SW<0>          |DISP1<4>       |    7.471|
SW<0>          |DISP1<5>       |    6.211|
SW<0>          |DISP1<6>       |    7.362|
SW<1>          |DISP1<0>       |    6.789|
SW<1>          |DISP1<1>       |    7.822|
SW<1>          |DISP1<2>       |    7.366|
SW<1>          |DISP1<3>       |    6.724|
SW<1>          |DISP1<4>       |    7.514|
SW<1>          |DISP1<5>       |    6.912|
SW<1>          |DISP1<6>       |    7.516|
SW<1>          |DISP1<7>       |    7.236|
SW<2>          |DISP1<0>       |    6.962|
SW<2>          |DISP1<1>       |    8.411|
SW<2>          |DISP1<2>       |    7.907|
SW<2>          |DISP1<3>       |    6.931|
SW<2>          |DISP1<4>       |    7.999|
SW<2>          |DISP1<5>       |    6.785|
SW<2>          |DISP1<6>       |    8.049|
SW<2>          |DISP1<7>       |    7.075|
SW<3>          |DISP1<0>       |    7.872|
SW<3>          |DISP1<1>       |    8.099|
SW<3>          |DISP1<2>       |    7.776|
SW<3>          |DISP1<3>       |    7.836|
SW<3>          |DISP1<4>       |    7.919|
SW<3>          |DISP1<5>       |    7.618|
SW<3>          |DISP1<6>       |    7.770|
SW<3>          |DISP1<7>       |    7.937|
---------------+---------------+---------+


Analysis completed Tue Dec 13 22:35:50 2016 
--------------------------------------------------------------------------------

Trace Settings:
-------------------------
Trace Settings 

Peak Memory Usage: 127 MB



