--------------------------------------------------------------------------------
Release 14.2 Trace  (nt)
Copyright (c) 1995-2012 Xilinx, Inc.  All rights reserved.

D:\ISE\14.2\ISE_DS\ISE\bin\nt\unwrapped\trce.exe -intstyle ise -v 3 -s 5 -n 3
-fastpaths -xml stopwatch.twx stopwatch.ncd -o stopwatch.twr stopwatch.pcf -ucf
stopwatch.ucf

Design file:              stopwatch.ncd
Physical constraint file: stopwatch.pcf
Device,package,speed:     xc3s100e,cp132,-5 (PRODUCTION 1.27 2012-07-09)
Report level:             verbose report

Environment Variable      Effect 
--------------------      ------ 
NONE                      No environment variables were set
--------------------------------------------------------------------------------

INFO:Timing:2698 - No timing constraints found, doing default enumeration.
INFO:Timing:3412 - To improve timing, see the Timing Closure User Guide (UG612).
INFO:Timing:2752 - To get complete path coverage, use the unconstrained paths 
   option. All paths that are not constrained will be reported in the 
   unconstrained paths section(s) of the report.
INFO:Timing:3339 - The clock-to-out numbers in this timing report are based on 
   a 50 Ohm transmission line loading model.  For the details of this model, 
   and for more information on accounting for different loading conditions, 
   please see the device datasheet.
INFO:Timing:3390 - This architecture does not support a default System Jitter 
   value, please add SYSTEM_JITTER constraint to the UCF to modify the Clock 
   Uncertainty calculation.
INFO:Timing:3389 - This architecture does not support 'Discrete Jitter' and 
   'Phase Error' calculations, these terms will be zero in the Clock 
   Uncertainty calculation.  Please make appropriate modification to 
   SYSTEM_JITTER to account for the unsupported Discrete Jitter and Phase 
   Error.



Data Sheet report:
-----------------
All values displayed in nanoseconds (ns)

Setup/Hold to clock CLK
------------+------------+------------+------------------+--------+
            |Max Setup to|Max Hold to |                  | Clock  |
Source      | clk (edge) | clk (edge) |Internal Clock(s) | Phase  |
------------+------------+------------+------------------+--------+
BTN3        |    3.499(R)|   -0.763(R)|CLK_BUFGP         |   0.000|
------------+------------+------------+------------------+--------+

Clock CLK to Pad
------------+------------+------------------+--------+
            | clk (edge) |                  | Clock  |
Destination |   to PAD   |Internal Clock(s) | Phase  |
------------+------------+------------------+--------+
AN1<0>      |    6.610(R)|CLK_BUFGP         |   0.000|
AN1<1>      |    7.359(R)|CLK_BUFGP         |   0.000|
AN1<2>      |    7.150(R)|CLK_BUFGP         |   0.000|
AN1<3>      |    7.402(R)|CLK_BUFGP         |   0.000|
DISP1<0>    |    7.105(R)|CLK_BUFGP         |   0.000|
DISP1<1>    |    7.621(R)|CLK_BUFGP         |   0.000|
DISP1<2>    |    7.393(R)|CLK_BUFGP         |   0.000|
DISP1<3>    |    7.303(R)|CLK_BUFGP         |   0.000|
DISP1<4>    |    7.180(R)|CLK_BUFGP         |   0.000|
DISP1<5>    |    7.086(R)|CLK_BUFGP         |   0.000|
DISP1<6>    |    7.554(R)|CLK_BUFGP         |   0.000|
DISP1<7>    |    7.408(R)|CLK_BUFGP         |   0.000|
LD<0>       |    7.388(R)|CLK_BUFGP         |   0.000|
LD<1>       |    7.752(R)|CLK_BUFGP         |   0.000|
LD<2>       |    7.270(R)|CLK_BUFGP         |   0.000|
LD<3>       |    7.417(R)|CLK_BUFGP         |   0.000|
LD<4>       |    7.611(R)|CLK_BUFGP         |   0.000|
LD<5>       |    7.482(R)|CLK_BUFGP         |   0.000|
LD<6>       |    7.912(R)|CLK_BUFGP         |   0.000|
LD<7>       |    7.868(R)|CLK_BUFGP         |   0.000|
------------+------------+------------------+--------+

Clock to Setup on destination clock BTN2
---------------+---------+---------+---------+---------+
               | Src:Rise| Src:Fall| Src:Rise| Src:Fall|
Source Clock   |Dest:Rise|Dest:Rise|Dest:Fall|Dest:Fall|
---------------+---------+---------+---------+---------+
BTN2           |    1.927|         |         |         |
---------------+---------+---------+---------+---------+

Clock to Setup on destination clock CLK
---------------+---------+---------+---------+---------+
               | Src:Rise| Src:Fall| Src:Rise| Src:Fall|
Source Clock   |Dest:Rise|Dest:Rise|Dest:Fall|Dest:Fall|
---------------+---------+---------+---------+---------+
BTN2           |    6.850|         |         |         |
CLK            |    5.745|         |         |         |
---------------+---------+---------+---------+---------+


Analysis completed Sat Dec 17 11:08:14 2016 
--------------------------------------------------------------------------------

Trace Settings:
-------------------------
Trace Settings 

Peak Memory Usage: 128 MB



