Release 14.2 - xst P.28xd (nt)
Copyright (c) 1995-2012 Xilinx, Inc.  All rights reserved.
--> Parameter TMPDIR set to xst/projnav.tmp


Total REAL time to Xst completion: 0.00 secs
Total CPU time to Xst completion: 0.08 secs
 
--> Parameter xsthdpdir set to xst


Total REAL time to Xst completion: 0.00 secs
Total CPU time to Xst completion: 0.08 secs
 
--> Reading design: CLK_div_N.prj

TABLE OF CONTENTS
  1) Synthesis Options Summary
  2) HDL Compilation
  3) Design Hierarchy Analysis
  4) HDL Analysis
  5) HDL Synthesis
     5.1) HDL Synthesis Report
  6) Advanced HDL Synthesis
     6.1) Advanced HDL Synthesis Report
  7) Low Level Synthesis
  8) Partition Report
  9) Final Report
	9.1) Device utilization summary
	9.2) Partition Resource Summary
	9.3) TIMING REPORT


=========================================================================
*                      Synthesis Options Summary                        *
=========================================================================
---- Source Parameters
Input File Name                    : "CLK_div_N.prj"
Input Format                       : mixed
Ignore Synthesis Constraint File   : NO

---- Target Parameters
Output File Name                   : "CLK_div_N"
Output Format                      : NGC
Target Device                      : xc3s100e-5-cp132

---- Source Options
Top Module Name                    : CLK_div_N
Automatic FSM Extraction           : YES
FSM Encoding Algorithm             : Auto
Safe Implementation                : No
FSM Style                          : LUT
RAM Extraction                     : Yes
RAM Style                          : Auto
ROM Extraction                     : Yes
Mux Style                          : Auto
Decoder Extraction                 : YES
Priority Encoder Extraction        : Yes
Shift Register Extraction          : YES
Logical Shifter Extraction         : YES
XOR Collapsing                     : YES
ROM Style                          : Auto
Mux Extraction                     : Yes
Resource Sharing                   : YES
Asynchronous To Synchronous        : NO
Multiplier Style                   : Auto
Automatic Register Balancing       : No

---- Target Options
Add IO Buffers                     : YES
Global Maximum Fanout              : 100000
Add Generic Clock Buffer(BUFG)     : 24
Register Duplication               : YES
Slice Packing                      : YES
Optimize Instantiated Primitives   : NO
Use Clock Enable                   : Yes
Use Synchronous Set                : Yes
Use Synchronous Reset              : Yes
Pack IO Registers into IOBs        : Auto
Equivalent register Removal        : YES

---- General Options
Optimization Goal                  : Speed
Optimization Effort                : 1
Keep Hierarchy                     : No
Netlist Hierarchy                  : As_Optimized
RTL Output                         : Yes
Global Optimization                : AllClockNets
Read Cores                         : YES
Write Timing Constraints           : NO
Cross Clock Analysis               : NO
Hierarchy Separator                : /
Bus Delimiter                      : <>
Case Specifier                     : Maintain
Slice Utilization Ratio            : 100
BRAM Utilization Ratio             : 100
Verilog 2001                       : YES
Auto BRAM Packing                  : NO
Slice Utilization Ratio Delta      : 5

=========================================================================


=========================================================================
*                          HDL Compilation                              *
=========================================================================
Compiling verilog file "CLK_div_N.v" in library work
Module <CLK_div_N> compiled
No errors in compilation
Analysis of file <"CLK_div_N.prj"> succeeded.
 

=========================================================================
*                     Design Hierarchy Analysis                         *
=========================================================================
Analyzing hierarchy for module <CLK_div_N> in library <work>.


=========================================================================
*                            HDL Analysis                               *
=========================================================================
Analyzing top module <CLK_div_N>.
Module <CLK_div_N> is correct for synthesis.
 

=========================================================================
*                           HDL Synthesis                               *
=========================================================================

Performing bidirectional port resolution...

Synthesizing Unit <CLK_div_N>.
    Related source file is "CLK_div_N.v".
    Found 32-bit up counter for signal <cnt>.
    Found 8-bit up counter for signal <DISP>.
    Found 1-bit register for signal <flag>.
    Summary:
	inferred   2 Counter(s).
	inferred   1 D-type flip-flop(s).
Unit <CLK_div_N> synthesized.


=========================================================================
HDL Synthesis Report

Macro Statistics
# Counters                                             : 2
 32-bit up counter                                     : 1
 8-bit up counter                                      : 1
# Registers                                            : 1
 1-bit register                                        : 1

=========================================================================

=========================================================================
*                       Advanced HDL Synthesis                          *
=========================================================================


=========================================================================
Advanced HDL Synthesis Report

Macro Statistics
# Counters                                             : 2
 32-bit up counter                                     : 1
 8-bit up counter                                      : 1
# Registers                                            : 1
 Flip-Flops                                            : 1

=========================================================================

=========================================================================
*                         Low Level Synthesis                           *
=========================================================================

Optimizing unit <CLK_div_N> ...

Mapping all equations...
Building and optimizing final netlist ...
Found area constraint ratio of 100 (+ 5) on block CLK_div_N, actual ratio is 2.

Final Macro Processing ...

=========================================================================
Final Register Report

Macro Statistics
# Registers                                            : 41
 Flip-Flops                                            : 41

=========================================================================

=========================================================================
*                           Partition Report                            *
=========================================================================

Partition Implementation Status
-------------------------------

  No Partitions were found in this design.

-------------------------------

=========================================================================
*                            Final Report                               *
=========================================================================
Final Results
RTL Top Level Output File Name     : CLK_div_N.ngr
Top Level Output File Name         : CLK_div_N
Output Format                      : NGC
Optimization Goal                  : Speed
Keep Hierarchy                     : No

Design Statistics
# IOs                              : 11

Cell Usage :
# BELS                             : 143
#      GND                         : 1
#      INV                         : 3
#      LUT1                        : 38
#      LUT2                        : 3
#      LUT4                        : 10
#      LUT4_L                      : 1
#      MUXCY                       : 46
#      VCC                         : 1
#      XORCY                       : 40
# FlipFlops/Latches                : 41
#      FDR                         : 1
#      FDRE                        : 40
# Clock Buffers                    : 2
#      BUFGP                       : 2
# IO Buffers                       : 9
#      IBUF                        : 1
#      OBUF                        : 8
=========================================================================

Device utilization summary:
---------------------------

Selected Device : 3s100ecp132-5 

 Number of Slices:                       27  out of    960     2%  
 Number of Slice Flip Flops:             41  out of   1920     2%  
 Number of 4 input LUTs:                 55  out of   1920     2%  
 Number of IOs:                          11
 Number of bonded IOBs:                  11  out of     83    13%  
 Number of GCLKs:                         2  out of     24     8%  

---------------------------
Partition Resource Summary:
---------------------------

  No Partitions were found in this design.

---------------------------


=========================================================================
TIMING REPORT

NOTE: THESE TIMING NUMBERS ARE ONLY A SYNTHESIS ESTIMATE.
      FOR ACCURATE TIMING INFORMATION PLEASE REFER TO THE TRACE REPORT
      GENERATED AFTER PLACE-and-ROUTE.

Clock Information:
------------------
-----------------------------------+------------------------+-------+
Clock Signal                       | Clock buffer(FF name)  | Load  |
-----------------------------------+------------------------+-------+
BTN1                               | BUFGP                  | 1     |
CLK                                | BUFGP                  | 40    |
-----------------------------------+------------------------+-------+

Asynchronous Control Signals Information:
----------------------------------------
No asynchronous control signals found in this design

Timing Summary:
---------------
Speed Grade: -5

   Minimum period: 5.771ns (Maximum Frequency: 173.290MHz)
   Minimum input arrival time before clock: 3.665ns
   Maximum output required time after clock: 4.134ns
   Maximum combinational path delay: No path found

Timing Detail:
--------------
All values displayed in nanoseconds (ns)

=========================================================================
Timing constraint: Default period analysis for Clock 'BTN1'
  Clock period: 1.847ns (frequency: 541.404MHz)
  Total number of paths / destination ports: 1 / 1
-------------------------------------------------------------------------
Delay:               1.847ns (Levels of Logic = 0)
  Source:            flag (FF)
  Destination:       flag (FF)
  Source Clock:      BTN1 rising
  Destination Clock: BTN1 rising

  Data Path: flag to flag
                                Gate     Net
    Cell:in->out      fanout   Delay   Delay  Logical Name (Net Name)
    ----------------------------------------  ------------
     FDR:C->Q              5   0.514   0.538  flag (flag)
     FDR:R                     0.795          flag
    ----------------------------------------
    Total                      1.847ns (1.309ns logic, 0.538ns route)
                                       (70.9% logic, 29.1% route)

=========================================================================
Timing constraint: Default period analysis for Clock 'CLK'
  Clock period: 5.771ns (frequency: 173.290MHz)
  Total number of paths / destination ports: 2164 / 88
-------------------------------------------------------------------------
Delay:               5.771ns (Levels of Logic = 10)
  Source:            cnt_8 (FF)
  Destination:       cnt_0 (FF)
  Source Clock:      CLK rising
  Destination Clock: CLK rising

  Data Path: cnt_8 to cnt_0
                                Gate     Net
    Cell:in->out      fanout   Delay   Delay  Logical Name (Net Name)
    ----------------------------------------  ------------
     FDRE:C->Q             2   0.514   0.532  cnt_8 (cnt_8)
     LUT4:I0->O            1   0.612   0.000  cnt_cmp_eq0000_wg_lut<0> (cnt_cmp_eq0000_wg_lut<0>)
     MUXCY:S->O            1   0.404   0.000  cnt_cmp_eq0000_wg_cy<0> (cnt_cmp_eq0000_wg_cy<0>)
     MUXCY:CI->O           1   0.052   0.000  cnt_cmp_eq0000_wg_cy<1> (cnt_cmp_eq0000_wg_cy<1>)
     MUXCY:CI->O           1   0.052   0.000  cnt_cmp_eq0000_wg_cy<2> (cnt_cmp_eq0000_wg_cy<2>)
     MUXCY:CI->O           1   0.052   0.000  cnt_cmp_eq0000_wg_cy<3> (cnt_cmp_eq0000_wg_cy<3>)
     MUXCY:CI->O           1   0.052   0.000  cnt_cmp_eq0000_wg_cy<4> (cnt_cmp_eq0000_wg_cy<4>)
     MUXCY:CI->O           1   0.052   0.000  cnt_cmp_eq0000_wg_cy<5> (cnt_cmp_eq0000_wg_cy<5>)
     MUXCY:CI->O           1   0.052   0.000  cnt_cmp_eq0000_wg_cy<6> (cnt_cmp_eq0000_wg_cy<6>)
     MUXCY:CI->O           3   0.399   0.520  cnt_cmp_eq0000_wg_cy<7> (cnt_cmp_eq0000)
     LUT2:I1->O           32   0.612   1.073  DISP_not00011 (DISP_not0001)
     FDRE:R                    0.795          cnt_0
    ----------------------------------------
    Total                      5.771ns (3.646ns logic, 2.125ns route)
                                       (63.2% logic, 36.8% route)

=========================================================================
Timing constraint: Default OFFSET IN BEFORE for Clock 'CLK'
  Total number of paths / destination ports: 8 / 8
-------------------------------------------------------------------------
Offset:              3.665ns (Levels of Logic = 2)
  Source:            BTN0 (PAD)
  Destination:       DISP_0 (FF)
  Destination Clock: CLK rising

  Data Path: BTN0 to DISP_0
                                Gate     Net
    Cell:in->out      fanout   Delay   Delay  Logical Name (Net Name)
    ----------------------------------------  ------------
     IBUF:I->O             1   1.106   0.509  BTN0_IBUF (BTN0_IBUF)
     LUT4:I0->O            8   0.612   0.643  DISP_or000038 (DISP_or0000)
     FDRE:R                    0.795          DISP_0
    ----------------------------------------
    Total                      3.665ns (2.513ns logic, 1.152ns route)
                                       (68.6% logic, 31.4% route)

=========================================================================
Timing constraint: Default OFFSET OUT AFTER for Clock 'CLK'
  Total number of paths / destination ports: 8 / 8
-------------------------------------------------------------------------
Offset:              4.134ns (Levels of Logic = 1)
  Source:            DISP_7 (FF)
  Destination:       LD<7> (PAD)
  Source Clock:      CLK rising

  Data Path: DISP_7 to LD<7>
                                Gate     Net
    Cell:in->out      fanout   Delay   Delay  Logical Name (Net Name)
    ----------------------------------------  ------------
     FDRE:C->Q             3   0.514   0.451  DISP_7 (DISP_7)
     OBUF:I->O                 3.169          LD_7_OBUF (LD<7>)
    ----------------------------------------
    Total                      4.134ns (3.683ns logic, 0.451ns route)
                                       (89.1% logic, 10.9% route)

=========================================================================


Total REAL time to Xst completion: 3.00 secs
Total CPU time to Xst completion: 2.86 secs
 
--> 

Total memory usage is 246732 kilobytes

Number of errors   :    0 (   0 filtered)
Number of warnings :    0 (   0 filtered)
Number of infos    :    0 (   0 filtered)

